<?xml version="1.0" encoding="UTF-8"?>
<testsuite name="| 1000 | doggo |" tests="2" skipped="0" failures="0" errors="0" timestamp="2019-01-24T18:27:05" hostname="PSI-1630" time="0.129">
  <properties/>
  <testcase name="Given i can use scenario outline and examples to pass in variables like this 1000 and doggo" classname="| 1000 | doggo |" time="0.0"/>
  <testcase name="classMethod" classname="| 1000 | doggo |" time="0.144"/>
  <system-out><![CDATA[]]></system-out>
  <system-err><![CDATA[[Test worker] INFO net.thucydides.core.steps.ConsoleLoggingListener - 
 _____ _____ ____ _____   ____ _____  _    ____ _____ _____ ____  
|_   _| ____/ ___|_   _| / ___|_   _|/ \  |  _ \_   _| ____|  _ \ 
  | | |  _| \___ \ | |   \___ \ | | / _ \ | |_) || | |  _| | | | |
  | | | |___ ___) || |    ___) || |/ ___ \|  _ < | | | |___| |_| |
  |_| |_____|____/ |_|   |____/ |_/_/   \_\_| \_\|_| |_____|____/ 
                                                                  

TEST STARTED: Test scenario outline with examples
-------------------------------------------------------------------(test-feature-template;test-scenario-outline-with-examples;;2)
]]></system-err>
</testsuite>
