<?xml version="1.0" encoding="UTF-8"?>
<testsuite name="Scenario: Test API scenario" tests="2" skipped="0" failures="0" errors="0" timestamp="2019-01-24T21:24:47" hostname="PSI-1630" time="5.246">
  <properties/>
  <testcase name="Given i perform an API call" classname="Scenario: Test API scenario" time="0.001"/>
  <testcase name="classMethod" classname="Scenario: Test API scenario" time="9.676"/>
  <system-out><![CDATA[]]></system-out>
  <system-err><![CDATA[[Test worker] INFO net.thucydides.core.steps.ConsoleLoggingListener - 
 _____ _____ ____ _____   ____ _____  _    ____ _____ _____ ____  
|_   _| ____/ ___|_   _| / ___|_   _|/ \  |  _ \_   _| ____|  _ \ 
  | | |  _| \___ \ | |   \___ \ | | / _ \ | |_) || | |  _| | | | |
  | | | |___ ___) || |    ___) || |/ ___ \|  _ < | | | |___| |_| |
  |_| |_____|____/ |_|   |____/ |_/_/   \_\_| \_\|_| |_____|____/ 
                                                                  

TEST STARTED: Test API scenario
-------------------------------------------------------------------(test-feature-template;test-api-scenario)
[Test worker] INFO net.thucydides.core.steps.ConsoleLoggingListener - STARTING STEP Given i perform an API call
]]></system-err>
</testsuite>
