<?xml version="1.0" encoding="UTF-8"?>
<testsuite name="Scenario: Test UI scenario" tests="2" skipped="0" failures="0" errors="0" timestamp="2019-01-24T21:24:59" hostname="PSI-1630" time="0.543">
  <properties/>
  <testcase name="Given i open the webpage" classname="Scenario: Test UI scenario" time="0.0"/>
  <testcase name="classMethod" classname="Scenario: Test UI scenario" time="7.847"/>
  <system-out><![CDATA[
]]></system-out>
  <system-err><![CDATA[[Test worker] INFO net.thucydides.core.steps.ConsoleLoggingListener - 
 _____ _____ ____ _____   ____ _____  _    ____ _____ _____ ____  
|_   _| ____/ ___|_   _| / ___|_   _|/ \  |  _ \_   _| ____|  _ \ 
  | | |  _| \___ \ | |   \___ \ | | / _ \ | |_) || | |  _| | | | |
  | | | |___ ___) || |    ___) || |/ ___ \|  _ < | | | |___| |_| |
  |_| |_____|____/ |_|   |____/ |_/_/   \_\_| \_\|_| |_____|____/ 
                                                                  

TEST STARTED: Test UI scenario
-------------------------------------------------------------------(test-feature-template;test-ui-scenario)
[Test worker] INFO net.thucydides.core.steps.ConsoleLoggingListener - STARTING STEP Given i open the webpage
[Test worker] INFO net.thucydides.core.steps.ConsoleLoggingListener - STARTING STEP Open web page: http://thucydides.info/docs/serenity-staging/
Jan 24, 2019 4:24:52 PM org.openqa.selenium.remote.DesiredCapabilities chrome
INFO: Using `new ChromeOptions()` is preferred to `DesiredCapabilities.chrome()`
Starting ChromeDriver 2.45.615291 (ec3682e3c9061c10f26ea9e5cdcf3c53f3f74387) on port 45151
Only local connections are allowed.
Jan 24, 2019 4:24:55 PM org.openqa.selenium.remote.ProtocolHandshake createSession
INFO: Detected dialect: OSS
[Test worker] INFO net.thucydides.core.steps.ConsoleLoggingListener - FINISHING STEP
]]></system-err>
</testsuite>
