<?xml version="1.0" encoding="UTF-8"?>
<testsuite name="automation.cucumber.TemplateRunner" tests="0" skipped="0" failures="0" errors="0" timestamp="1970-01-01T00:00:00" hostname="PSI-1630" time="0.0">
  <properties/>
  <system-out><![CDATA[
5 Scenarios (?[33m5 undefined?[0m)
7 Steps (?[33m7 undefined?[0m)
0m0.000s


You can implement missing steps with the snippets below:

@Given("^i open the google homepage$")
public void i_open_the_google_homepage() throws Throwable {
    // Write code here that turns the phrase above into concrete actions
    throw new PendingException();
}

@When("^i search for docker$")
public void i_search_for_docker() throws Throwable {
    // Write code here that turns the phrase above into concrete actions
    throw new PendingException();
}

@Then("^the first result should link to docker$")
public void the_first_result_should_link_to_docker() throws Throwable {
    // Write code here that turns the phrase above into concrete actions
    throw new PendingException();
}

@Given("^i perform a GET API call$")
public void i_perform_a_GET_API_call() throws Throwable {
    // Write code here that turns the phrase above into concrete actions
    throw new PendingException();
}

@Given("^i perform a POST API call$")
public void i_perform_a_POST_API_call() throws Throwable {
    // Write code here that turns the phrase above into concrete actions
    throw new PendingException();
}

@Given("^i open the webpage$")
public void i_open_the_webpage() throws Throwable {
    // Write code here that turns the phrase above into concrete actions
    throw new PendingException();
}

@Given("^i perform an API call with parameters list and doggo$")
public void i_perform_an_API_call_with_parameters_list_and_doggo() throws Throwable {
    // Write code here that turns the phrase above into concrete actions
    throw new PendingException();
}

]]></system-out>
  <system-err><![CDATA[[Test worker] INFO net.thucydides.core.steps.ConsoleLoggingListener - ?[96m

-------------------------------------------------------------------------------------
     _______. _______ .______       _______ .__   __.  __  .___________.____    ____ 
    /       ||   ____||   _  \     |   ____||  \ |  | |  | |           |\   \  /   / 
   |   (----`|  |__   |  |_)  |    |  |__   |   \|  | |  | `---|  |----` \   \/   /  
    \   \    |   __|  |      /     |   __|  |  . `  | |  |     |  |       \_    _/   
.----)   |   |  |____ |  |\  \----.|  |____ |  |\   | |  |     |  |         |  |     
|_______/    |_______|| _| `._____||_______||__| \__| |__|     |__|         |__|    
                                                                                     
 News and tutorials at http://www.serenity-bdd.info                                  
 Documentation at https://wakaleo.gitbooks.io/the-serenity-book/content/             
 Join the Serenity Community on Rocket Chat at https://serenity-bdd.rocket.chat      
 Serenity BDD Support and Training at http://serenity-bdd.info/#/trainingandsupport  
 Learn Serenity BDD online at http://serenity-dojo.com                               
-------------------------------------------------------------------------------------
?[0m
[Test worker] INFO net.thucydides.core.steps.ConsoleLoggingListener - Test Suite Started: Example google automation
[Test worker] INFO net.thucydides.core.steps.ConsoleLoggingListener - STARTING STEP Given i open the google homepage
[Test worker] INFO net.thucydides.core.steps.ConsoleLoggingListener - ?[96mTEST PENDING?[0m
[Test worker] INFO net.thucydides.core.steps.ConsoleLoggingListener - ?[96mPENDING STEP?[0m
[Test worker] INFO net.thucydides.core.steps.ConsoleLoggingListener - STARTING STEP When i search for docker
[Test worker] INFO net.thucydides.core.steps.ConsoleLoggingListener - ?[96mTEST PENDING?[0m
[Test worker] INFO net.thucydides.core.steps.ConsoleLoggingListener - ?[96mPENDING STEP?[0m
[Test worker] INFO net.thucydides.core.steps.ConsoleLoggingListener - STARTING STEP Then the first result should link to docker
[Test worker] INFO net.thucydides.core.steps.ConsoleLoggingListener - ?[96mTEST PENDING?[0m
[Test worker] INFO net.thucydides.core.steps.ConsoleLoggingListener - ?[96mPENDING STEP?[0m
[Test worker] INFO net.thucydides.core.steps.ConsoleLoggingListener - FINISHING STEP
[Test worker] INFO net.thucydides.core.steps.ConsoleLoggingListener - ?[96m
          __  _____ _____ ____ _____   ____  _____ _   _ ____ ___ _   _  ____ 
 _       / / |_   _| ____/ ___|_   _| |  _ \| ____| \ | |  _ \_ _| \ | |/ ___|
(_)____ / /    | | |  _| \___ \ | |   | |_) |  _| |  \| | | | | ||  \| | |  _ 
 |_____/ /     | | | |___ ___) || |   |  __/| |___| |\  | |_| | || |\  | |_| |
(_)   /_/      |_| |_____|____/ |_|   |_|   |_____|_| \_|____/___|_| \_|\____|
                                                                                

TEST PENDING: Open google homepage, search for docker, and verify the first result contains docker
---------------------------------------------------------------------------------?[0m
[Test worker] INFO net.thucydides.core.steps.ConsoleLoggingListener - Test Suite Started: Test feature template
[Test worker] INFO net.thucydides.core.steps.ConsoleLoggingListener - STARTING STEP Given i perform a GET API call
[Test worker] INFO net.thucydides.core.steps.ConsoleLoggingListener - ?[96mTEST PENDING?[0m
[Test worker] INFO net.thucydides.core.steps.ConsoleLoggingListener - ?[96mPENDING STEP?[0m
[Test worker] INFO net.thucydides.core.steps.ConsoleLoggingListener - ?[96m
          __  _____ _____ ____ _____   ____  _____ _   _ ____ ___ _   _  ____ 
 _       / / |_   _| ____/ ___|_   _| |  _ \| ____| \ | |  _ \_ _| \ | |/ ___|
(_)____ / /    | | |  _| \___ \ | |   | |_) |  _| |  \| | | | | ||  \| | |  _ 
 |_____/ /     | | | |___ ___) || |   |  __/| |___| |\  | |_| | || |\  | |_| |
(_)   /_/      |_| |_____|____/ |_|   |_|   |_____|_| \_|____/___|_| \_|\____|
                                                                                

TEST PENDING: Test GET API scenario
---------------------------------------------------------------------------------?[0m
[Test worker] INFO net.thucydides.core.steps.ConsoleLoggingListener - STARTING STEP Given i perform a POST API call
[Test worker] INFO net.thucydides.core.steps.ConsoleLoggingListener - ?[96mTEST PENDING?[0m
[Test worker] INFO net.thucydides.core.steps.ConsoleLoggingListener - ?[96mPENDING STEP?[0m
[Test worker] INFO net.thucydides.core.steps.ConsoleLoggingListener - ?[96m
          __  _____ _____ ____ _____   ____  _____ _   _ ____ ___ _   _  ____ 
 _       / / |_   _| ____/ ___|_   _| |  _ \| ____| \ | |  _ \_ _| \ | |/ ___|
(_)____ / /    | | |  _| \___ \ | |   | |_) |  _| |  \| | | | | ||  \| | |  _ 
 |_____/ /     | | | |___ ___) || |   |  __/| |___| |\  | |_| | || |\  | |_| |
(_)   /_/      |_| |_____|____/ |_|   |_|   |_____|_| \_|____/___|_| \_|\____|
                                                                                

TEST PENDING: Test POST API scenario
---------------------------------------------------------------------------------?[0m
[Test worker] INFO net.thucydides.core.steps.ConsoleLoggingListener - STARTING STEP Given i open the webpage
[Test worker] INFO net.thucydides.core.steps.ConsoleLoggingListener - ?[96mTEST PENDING?[0m
[Test worker] INFO net.thucydides.core.steps.ConsoleLoggingListener - ?[96mPENDING STEP?[0m
[Test worker] INFO net.thucydides.core.steps.ConsoleLoggingListener - ?[96m
          __  _____ _____ ____ _____   ____  _____ _   _ ____ ___ _   _  ____ 
 _       / / |_   _| ____/ ___|_   _| |  _ \| ____| \ | |  _ \_ _| \ | |/ ___|
(_)____ / /    | | |  _| \___ \ | |   | |_) |  _| |  \| | | | | ||  \| | |  _ 
 |_____/ /     | | | |___ ___) || |   |  __/| |___| |\  | |_| | || |\  | |_| |
(_)   /_/      |_| |_____|____/ |_|   |_|   |_____|_| \_|____/___|_| \_|\____|
                                                                                

TEST PENDING: Test UI scenario
---------------------------------------------------------------------------------?[0m
[Test worker] INFO net.thucydides.core.steps.ConsoleLoggingListener - STARTING STEP Given i perform an API call with parameters list and doggo
[Test worker] INFO net.thucydides.core.steps.ConsoleLoggingListener - ?[96mTEST PENDING?[0m
[Test worker] INFO net.thucydides.core.steps.ConsoleLoggingListener - ?[96mPENDING STEP?[0m
[Test worker] INFO net.thucydides.core.steps.ConsoleLoggingListener - FINISHING STEP
[Test worker] INFO net.thucydides.core.steps.ConsoleLoggingListener - ?[96m
          __  _____ _____ ____ _____   ____  _____ _   _ ____ ___ _   _  ____ 
 _       / / |_   _| ____/ ___|_   _| |  _ \| ____| \ | |  _ \_ _| \ | |/ ___|
(_)____ / /    | | |  _| \___ \ | |   | |_) |  _| |  \| | | | | ||  \| | |  _ 
 |_____/ /     | | | |___ ___) || |   |  __/| |___| |\  | |_| | || |\  | |_| |
(_)   /_/      |_| |_____|____/ |_|   |_|   |_____|_| \_|____/___|_| \_|\____|
                                                                                

TEST PENDING: Test scenario outline with examples
---------------------------------------------------------------------------------?[0m
]]></system-err>
</testsuite>
