<?xml version="1.0" encoding="UTF-8"?>
<testsuite name="| list | doggo |" tests="2" skipped="1" failures="0" errors="0" timestamp="2019-01-25T15:36:46" hostname="PSI-1630" time="0.146">
  <properties/>
  <testcase name="Given i perform an API call with parameters list and doggo" classname="| list | doggo |" time="0.0">
    <skipped/>
  </testcase>
  <testcase name="classMethod" classname="| list | doggo |" time="0.15"/>
  <system-out><![CDATA[]]></system-out>
  <system-err><![CDATA[[Test worker] INFO net.thucydides.core.steps.ConsoleLoggingListener - 
 _____ _____ ____ _____   ____ _____  _    ____ _____ _____ ____  
|_   _| ____/ ___|_   _| / ___|_   _|/ \  |  _ \_   _| ____|  _ \ 
  | | |  _| \___ \ | |   \___ \ | | / _ \ | |_) || | |  _| | | | |
  | | | |___ ___) || |    ___) || |/ ___ \|  _ < | | | |___| |_| |
  |_| |_____|____/ |_|   |____/ |_/_/   \_\_| \_\|_| |_____|____/ 
                                                                  

TEST STARTED: Test scenario outline with examples
-------------------------------------------------------------------(test-feature-template;test-scenario-outline-with-examples;;2)
[Test worker] INFO net.thucydides.core.steps.ConsoleLoggingListener - STARTING STEP Example #1: {variable1=list, variable2=doggo}
]]></system-err>
</testsuite>
