<?xml version="1.0" encoding="UTF-8"?>
<testsuite name="Scenario: Test UI scenario" tests="2" skipped="0" failures="0" errors="0" timestamp="2019-01-25T13:54:20" hostname="PSI-1630" time="0.443">
  <properties/>
  <testcase name="Given i open the webpage" classname="Scenario: Test UI scenario" time="0.0"/>
  <testcase name="classMethod" classname="Scenario: Test UI scenario" time="4.019"/>
  <system-out><![CDATA[
]]></system-out>
  <system-err><![CDATA[[Test worker] INFO net.thucydides.core.steps.ConsoleLoggingListener - 
 _____ _____ ____ _____   ____ _____  _    ____ _____ _____ ____  
|_   _| ____/ ___|_   _| / ___|_   _|/ \  |  _ \_   _| ____|  _ \ 
  | | |  _| \___ \ | |   \___ \ | | / _ \ | |_) || | |  _| | | | |
  | | | |___ ___) || |    ___) || |/ ___ \|  _ < | | | |___| |_| |
  |_| |_____|____/ |_|   |____/ |_/_/   \_\_| \_\|_| |_____|____/ 
                                                                  

TEST STARTED: Test UI scenario
-------------------------------------------------------------------(test-feature-template;test-ui-scenario)
[Test worker] INFO net.thucydides.core.steps.ConsoleLoggingListener - STARTING STEP Given i open the webpage
[Test worker] INFO net.thucydides.core.steps.ConsoleLoggingListener - STARTING STEP Open web page: https://www.google.com
Jan 25, 2019 8:54:17 AM org.openqa.selenium.remote.DesiredCapabilities chrome
INFO: Using `new ChromeOptions()` is preferred to `DesiredCapabilities.chrome()`
Jan 25, 2019 8:54:19 AM org.openqa.selenium.remote.ProtocolHandshake createSession
INFO: Detected dialect: OSS
[Test worker] INFO net.thucydides.core.steps.ConsoleLoggingListener - FINISHING STEP
]]></system-err>
</testsuite>
