<?xml version="1.0" encoding="UTF-8"?>
<testsuite name="Scenario: Test POST API scenario" tests="2" skipped="1" failures="0" errors="0" timestamp="2019-01-25T15:36:46" hostname="PSI-1630" time="0.229">
  <properties/>
  <testcase name="Given i perform a POST API call" classname="Scenario: Test POST API scenario" time="0.0">
    <skipped/>
  </testcase>
  <testcase name="classMethod" classname="Scenario: Test POST API scenario" time="0.235"/>
  <system-out><![CDATA[]]></system-out>
  <system-err><![CDATA[[Test worker] INFO net.thucydides.core.steps.ConsoleLoggingListener - 
 _____ _____ ____ _____   ____ _____  _    ____ _____ _____ ____  
|_   _| ____/ ___|_   _| / ___|_   _|/ \  |  _ \_   _| ____|  _ \ 
  | | |  _| \___ \ | |   \___ \ | | / _ \ | |_) || | |  _| | | | |
  | | | |___ ___) || |    ___) || |/ ___ \|  _ < | | | |___| |_| |
  |_| |_____|____/ |_|   |____/ |_/_/   \_\_| \_\|_| |_____|____/ 
                                                                  

TEST STARTED: Test POST API scenario
-------------------------------------------------------------------(test-feature-template;test-post-api-scenario)
]]></system-err>
</testsuite>
