<?xml version="1.0" encoding="UTF-8"?>
<testsuite name="| docker | docker |" tests="4" skipped="3" failures="0" errors="0" timestamp="2019-01-25T15:36:36" hostname="PSI-1630" time="9.95">
  <properties/>
  <testcase name="Given i open the google homepage" classname="| docker | docker |" time="0.0">
    <skipped/>
  </testcase>
  <testcase name="When i search for docker" classname="| docker | docker |" time="0.001">
    <skipped/>
  </testcase>
  <testcase name="Then the first result should link to docker" classname="| docker | docker |" time="0.001">
    <skipped/>
  </testcase>
  <testcase name="classMethod" classname="| docker | docker |" time="10.499"/>
  <system-out><![CDATA[]]></system-out>
  <system-err><![CDATA[[Test worker] INFO net.thucydides.core.steps.ConsoleLoggingListener - 
 _____ _____ ____ _____   ____ _____  _    ____ _____ _____ ____  
|_   _| ____/ ___|_   _| / ___|_   _|/ \  |  _ \_   _| ____|  _ \ 
  | | |  _| \___ \ | |   \___ \ | | / _ \ | |_) || | |  _| | | | |
  | | | |___ ___) || |    ___) || |/ ___ \|  _ < | | | |___| |_| |
  |_| |_____|____/ |_|   |____/ |_/_/   \_\_| \_\|_| |_____|____/ 
                                                                  

TEST STARTED: Open google homepage, search for docker, and verify the first result contains docker
-------------------------------------------------------------------(example-google-automation;open-google-homepage,-search-for-docker,-and-verify-the-first-result-contains-docker;;2)
[Test worker] INFO net.thucydides.core.steps.ConsoleLoggingListener - STARTING STEP Example #1: {search=docker, website=docker}
]]></system-err>
</testsuite>
