<?xml version="1.0" encoding="UTF-8"?>
<testsuite name="| hkonishi | test | success |" tests="4" skipped="0" failures="0" errors="0" timestamp="2019-01-25T22:14:55" hostname="PSI-1623" time="6.444">
  <properties/>
  <testcase name="Given I am on the application" classname="| hkonishi | test | success |" time="0.001"/>
  <testcase name="When hkonishi logs in with test" classname="| hkonishi | test | success |" time="0.0"/>
  <testcase name="Then the application shows the success login status" classname="| hkonishi | test | success |" time="0.0"/>
  <testcase name="classMethod" classname="| hkonishi | test | success |" time="14.618"/>
  <system-out><![CDATA[
]]></system-out>
  <system-err><![CDATA[[Test worker] INFO net.thucydides.core.steps.ConsoleLoggingListener - 
 _____ _____ ____ _____   ____ _____  _    ____ _____ _____ ____  
|_   _| ____/ ___|_   _| / ___|_   _|/ \  |  _ \_   _| ____|  _ \ 
  | | |  _| \___ \ | |   \___ \ | | / _ \ | |_) || | |  _| | | | |
  | | | |___ ___) || |    ___) || |/ ___ \|  _ < | | | |___| |_| |
  |_| |_____|____/ |_|   |____/ |_/_/   \_\_| \_\|_| |_____|____/ 
                                                                  

TEST STARTED: Login Authentication
-------------------------------------------------------------------(as-a-user-i-want-to-be-able-to-login;login-authentication;;2)
[Test worker] INFO net.thucydides.core.steps.ConsoleLoggingListener - STARTING STEP Example #1: {name=hkonishi, password=test, status=success}
[Test worker] INFO net.thucydides.core.steps.ConsoleLoggingListener - STARTING STEP Given I am on the application
[Test worker] INFO net.thucydides.core.steps.ConsoleLoggingListener - STARTING STEP Open web page: http://pac-bowser1-i-1314236450.us-east-2.elb.amazonaws.com/api/auth/login
Jan 25, 2019 5:14:48 PM org.openqa.selenium.remote.DesiredCapabilities chrome
INFO: Using `new ChromeOptions()` is preferred to `DesiredCapabilities.chrome()`
Starting ChromeDriver 2.45.615291 (ec3682e3c9061c10f26ea9e5cdcf3c53f3f74387) on port 15592
Only local connections are allowed.
Jan 25, 2019 5:14:51 PM org.openqa.selenium.remote.ProtocolHandshake createSession
INFO: Detected dialect: OSS
[Test worker] INFO net.thucydides.core.steps.ConsoleLoggingListener - FINISHING STEP
]]></system-err>
</testsuite>
