<?xml version="1.0" encoding="UTF-8"?>
<testsuite name="Scenario: Test scenario" tests="4" skipped="0" failures="0" errors="0" timestamp="2019-01-24T18:26:58" hostname="PSI-1630" time="6.806">
  <properties/>
  <testcase name="Given i have an automation template" classname="Scenario: Test scenario" time="0.0"/>
  <testcase name="When i use the template" classname="Scenario: Test scenario" time="0.001"/>
  <testcase name="Then i have made life easier" classname="Scenario: Test scenario" time="0.0"/>
  <testcase name="classMethod" classname="Scenario: Test scenario" time="12.857"/>
  <system-out><![CDATA[]]></system-out>
  <system-err><![CDATA[[Test worker] INFO net.thucydides.core.steps.ConsoleLoggingListener - 
 _____ _____ ____ _____   ____ _____  _    ____ _____ _____ ____  
|_   _| ____/ ___|_   _| / ___|_   _|/ \  |  _ \_   _| ____|  _ \ 
  | | |  _| \___ \ | |   \___ \ | | / _ \ | |_) || | |  _| | | | |
  | | | |___ ___) || |    ___) || |/ ___ \|  _ < | | | |___| |_| |
  |_| |_____|____/ |_|   |____/ |_/_/   \_\_| \_\|_| |_____|____/ 
                                                                  

TEST STARTED: Test scenario
-------------------------------------------------------------------(test-feature-template;test-scenario)
]]></system-err>
</testsuite>
